Using pre-set license
Built from '2020.3/release' branch; Version is '2020.3.15f2 (6cf78cb77498) revision 7141260'; Using compiler version '192528614'; Build Type 'Release'
OS: 'Windows 10 Pro; OS build 19044.1466; Version 2009; 64bit' Language: 'es' Physical Memory: 16335 MB
BatchMode: 1, IsHumanControllingUs: 0, StartBugReporterOnCrash: 0, Is64bit: 1, IsPro: 0

 COMMAND LINE ARGUMENTS:
D:\Program Files\Unity\Hub\Editor\2020.3.15f2\Editor\Unity.exe
-adb2
-batchMode
-noUpm
-name
AssetImportWorker0
-projectPath
D:/Proyectos de Unity/Individual Proyects/Fishing Ships Proyects/Fishing-Ships/Fishing Ships Proyect
-logFile
Logs/AssetImportWorker0.log
-srvPort
55652
Successfully changed project path to: D:/Proyectos de Unity/Individual Proyects/Fishing Ships Proyects/Fishing-Ships/Fishing Ships Proyect
D:/Proyectos de Unity/Individual Proyects/Fishing Ships Proyects/Fishing-Ships/Fishing Ships Proyect
Using Asset Import Pipeline V2.
Refreshing native plugins compatible for Editor in 65.16 ms, found 2 plugins.
Preloading 0 native plugins for Editor in 0.00 ms.
Initialize engine version: 2020.3.15f2 (6cf78cb77498)
[Subsystems] Discovering subsystems at path D:/Program Files/Unity/Hub/Editor/2020.3.15f2/Editor/Data/Resources/UnitySubsystems
[Subsystems] Discovering subsystems at path D:/Proyectos de Unity/Individual Proyects/Fishing Ships Proyects/Fishing-Ships/Fishing Ships Proyect/Assets
GfxDevice: creating device client; threaded=0
Direct3D:
    Version:  Direct3D 11.0 [level 11.1]
    Renderer: Radeon RX 590 Series (ID=0x67df)
    Vendor:   
    VRAM:     8171 MB
    Driver:   30.0.13023.1012
Shader 'Universal Render Pipeline/Particles/Lit': fallback shader 'Universal Render Pipeline/Particles/SimpleLit' not found
Initialize mono
Mono path[0] = 'D:/Program Files/Unity/Hub/Editor/2020.3.15f2/Editor/Data/Managed'
Mono path[1] = 'D:/Program Files/Unity/Hub/Editor/2020.3.15f2/Editor/Data/MonoBleedingEdge/lib/mono/unityjit'
Mono config path = 'D:/Program Files/Unity/Hub/Editor/2020.3.15f2/Editor/Data/MonoBleedingEdge/etc'
Using monoOptions --debugger-agent=transport=dt_socket,embedding=1,server=y,suspend=n,address=127.0.0.1:56880
Begin MonoManager ReloadAssembly
Registering precompiled unity dll's ...
Register platform support module: D:/Program Files/Unity/Hub/Editor/2020.3.15f2/Editor/Data/PlaybackEngines/WindowsStandaloneSupport/UnityEditor.WindowsStandalone.Extensions.dll
Registered in 0.001568 seconds.
Native extension for WindowsStandalone target not found
Refreshing native plugins compatible for Editor in 64.37 ms, found 2 plugins.
Preloading 0 native plugins for Editor in 0.00 ms.
Mono: successfully reloaded assembly
- Completed reload, in  1.582 seconds
Domain Reload Profiling:
	ReloadAssembly (1582ms)
		BeginReloadAssembly (84ms)
			ExecutionOrderSort (0ms)
			DisableScriptedObjects (0ms)
			BackupInstance (0ms)
			ReleaseScriptingObjects (0ms)
			CreateAndSetChildDomain (1ms)
		EndReloadAssembly (523ms)
			LoadAssemblies (84ms)
			RebuildTransferFunctionScriptingTraits (0ms)
			SetupTypeCache (182ms)
			ReleaseScriptCaches (0ms)
			RebuildScriptCaches (34ms)
			SetupLoadedEditorAssemblies (224ms)
				LogAssemblyErrors (0ms)
				InitializePlatformSupportModulesInManaged (5ms)
				SetLoadedEditorAssemblies (0ms)
				RefreshPlugins (64ms)
				BeforeProcessingInitializeOnLoad (17ms)
				ProcessInitializeOnLoadAttributes (100ms)
				ProcessInitializeOnLoadMethodAttributes (38ms)
				AfterProcessingInitializeOnLoad (0ms)
				EditorAssembliesLoaded (0ms)
			ExecutionOrderSort2 (0ms)
			AwakeInstancesAfterBackupRestoration (0ms)
Platform modules already initialized, skipping
Registering precompiled user dll's ...
Registered in 0.005824 seconds.
Begin MonoManager ReloadAssembly
Native extension for WindowsStandalone target not found
Refreshing native plugins compatible for Editor in 72.20 ms, found 2 plugins.
Preloading 0 native plugins for Editor in 0.00 ms.
Mono: successfully reloaded assembly
- Completed reload, in  1.536 seconds
Domain Reload Profiling:
	ReloadAssembly (1537ms)
		BeginReloadAssembly (195ms)
			ExecutionOrderSort (0ms)
			DisableScriptedObjects (6ms)
			BackupInstance (0ms)
			ReleaseScriptingObjects (0ms)
			CreateAndSetChildDomain (21ms)
		EndReloadAssembly (1267ms)
			LoadAssemblies (139ms)
			RebuildTransferFunctionScriptingTraits (0ms)
			SetupTypeCache (388ms)
			ReleaseScriptCaches (1ms)
			RebuildScriptCaches (61ms)
			SetupLoadedEditorAssemblies (546ms)
				LogAssemblyErrors (0ms)
				InitializePlatformSupportModulesInManaged (6ms)
				SetLoadedEditorAssemblies (0ms)
				RefreshPlugins (72ms)
				BeforeProcessingInitializeOnLoad (117ms)
				ProcessInitializeOnLoadAttributes (341ms)
				ProcessInitializeOnLoadMethodAttributes (6ms)
				AfterProcessingInitializeOnLoad (4ms)
				EditorAssembliesLoaded (0ms)
			ExecutionOrderSort2 (0ms)
			AwakeInstancesAfterBackupRestoration (10ms)
Platform modules already initialized, skipping
========================================================================
Worker process is ready to serve import requests
Shader 'Universal Render Pipeline/Particles/Lit': fallback shader 'Universal Render Pipeline/Particles/SimpleLit' not found
Launched and connected shader compiler UnityShaderCompiler.exe after 0.06 seconds
Refreshing native plugins compatible for Editor in 0.68 ms, found 2 plugins.
Preloading 0 native plugins for Editor in 0.00 ms.
Unloading 2781 Unused Serialized files (Serialized files now loaded: 0)
System memory in use before: 204.5 MB.
System memory in use after: 204.7 MB.

Unloading 19 unused Assets to reduce memory usage. Loaded Objects now: 3226.
Total: 3.238100 ms (FindLiveObjects: 0.322400 ms CreateObjectMapping: 0.081100 ms MarkObjects: 2.732300 ms  DeleteObjects: 0.101000 ms)

AssetImportParameters requested are different than current active one (requested -> active):
  custom:framework-win-MediaFoundation: 216162199b28c13a410421893ffa2e32 -> 
  custom:video-decoder-ogg-theora: a1e56fd34408186e4bbccfd4996cb3dc -> 
  custom:container-muxer-webm: aa71ff27fc2769a1b78a27578f13a17b -> 
  custom:container-demuxer-webm: 4f35f7cbe854078d1ac9338744f61a02 -> 
  custom:container-demuxer-ogg: 62fdf1f143b41e24485cea50d1cbac27 -> 
  custom:video-encoder-webm-vp8: eb34c28f22e8b96e1ab97ce403110664 -> 
  custom:video-decoder-webm-vp8: 9c59270c3fd7afecdb556c50c9e8de78 -> 
  custom:audio-decoder-ogg-vorbis: bf7c407c2cedff20999df2af8eb42d56 -> 
  custom:audio-encoder-webm-vorbis: bf7c407c2cedff20999df2af8eb42d56 -> 
========================================================================
Received Import Request.
  path: Assets/_Main/_Materials/CellShading.mat
  artifactKey: Guid(2c8fb0fd2639ed44a8047dcb95e542c1) Importer(815301076,1909f56bfc062723c751e8b465ee728b)
Start importing Assets/_Main/_Materials/CellShading.mat using Guid(2c8fb0fd2639ed44a8047dcb95e542c1) Importer(815301076,1909f56bfc062723c751e8b465ee728b)  -> (artifact id: 'a566457c3fa389261f0c2bdf0c80567e') in 0.306340 seconds 
  Import took 0.311575 seconds .

========================================================================
Received Import Request.
  Time since last request: 625.840500 seconds.
  path: Assets/NastyWizard_CelSobel/CelShadingSobel/Shaders/CelShading/CelShadingTerrain.shader
  artifactKey: Guid(75692cf4757cd5d47afec5f7c2f2cbfe) Importer(815301076,1909f56bfc062723c751e8b465ee728b)
Start importing Assets/NastyWizard_CelSobel/CelShadingSobel/Shaders/CelShading/CelShadingTerrain.shader using Guid(75692cf4757cd5d47afec5f7c2f2cbfe) Importer(815301076,1909f56bfc062723c751e8b465ee728b)  -> (artifact id: '75a8bd82d804bb6b8bb32714c70bfab6') in 0.010318 seconds 
  Import took 0.015869 seconds .

========================================================================
Received Import Request.
  Time since last request: 0.006364 seconds.
  path: Assets/NastyWizard_CelSobel/CelShadingSobel/Shaders/CelShading/CelShadingTerrain.shader
  artifactKey: Guid(75692cf4757cd5d47afec5f7c2f2cbfe) Importer(815301076,1909f56bfc062723c751e8b465ee728b)
Start importing Assets/NastyWizard_CelSobel/CelShadingSobel/Shaders/CelShading/CelShadingTerrain.shader using Guid(75692cf4757cd5d47afec5f7c2f2cbfe) Importer(815301076,1909f56bfc062723c751e8b465ee728b)  -> (artifact id: '75a8bd82d804bb6b8bb32714c70bfab6') in 0.003262 seconds 
  Import took 0.008530 seconds .

========================================================================
Received Import Request.
  Time since last request: 1.410926 seconds.
  path: Assets/NastyWizard_CelSobel/CelShadingSobel/Shaders/CelShading/CelShading - Transparent.shader
  artifactKey: Guid(e6e2dc5b4e4813e41ab7c2639f6d071e) Importer(815301076,1909f56bfc062723c751e8b465ee728b)
Start importing Assets/NastyWizard_CelSobel/CelShadingSobel/Shaders/CelShading/CelShading - Transparent.shader using Guid(e6e2dc5b4e4813e41ab7c2639f6d071e) Importer(815301076,1909f56bfc062723c751e8b465ee728b)  -> (artifact id: '745e2271c1a7a3412e2e435617cd5557') in 0.007471 seconds 
  Import took 0.013140 seconds .

========================================================================
Received Import Request.
  Time since last request: 0.004552 seconds.
  path: Assets/NastyWizard_CelSobel/CelShadingSobel/Shaders/CelShading/CelShading - Transparent.shader
  artifactKey: Guid(e6e2dc5b4e4813e41ab7c2639f6d071e) Importer(815301076,1909f56bfc062723c751e8b465ee728b)
Start importing Assets/NastyWizard_CelSobel/CelShadingSobel/Shaders/CelShading/CelShading - Transparent.shader using Guid(e6e2dc5b4e4813e41ab7c2639f6d071e) Importer(815301076,1909f56bfc062723c751e8b465ee728b)  -> (artifact id: '745e2271c1a7a3412e2e435617cd5557') in 0.002828 seconds 
  Import took 0.007885 seconds .

AssetImportWorkerClient::OnTransportError - code=2 error=End of file
